<?xml version="1.0" encoding="UTF-8"?>
<testsuite name="com.tomgregory.ThemeParkApplicationIT" tests="4" skipped="0" failures="0" errors="0" timestamp="2021-01-27T12:00:50" hostname="zamar99-HP-ENVY-x360-Convertible" time="0.351">
  <properties/>
  <testcase name="getsAllRides" classname="com.tomgregory.ThemeParkApplicationIT" time="0.278"/>
  <testcase name="getsSingleRide" classname="com.tomgregory.ThemeParkApplicationIT" time="0.018"/>
  <testcase name="returnsNotFoundForInvalidSingleRide" classname="com.tomgregory.ThemeParkApplicationIT" time="0.006"/>
  <testcase name="addsNewRide" classname="com.tomgregory.ThemeParkApplicationIT" time="0.046"/>
  <system-out><![CDATA[17:00:46.396 [Test worker] DEBUG org.springframework.test.annotation.ProfileValueUtils - Retrieved @ProfileValueSourceConfiguration [null] for test class [com.tomgregory.ThemeParkApplicationIT]
17:00:46.396 [Test worker] DEBUG org.springframework.test.annotation.ProfileValueUtils - Retrieved ProfileValueSource type [class org.springframework.test.annotation.SystemProfileValueSource] for class [com.tomgregory.ThemeParkApplicationIT]
17:00:46.397 [Test worker] DEBUG org.springframework.test.annotation.ProfileValueUtils - Retrieved @ProfileValueSourceConfiguration [null] for test class [com.tomgregory.ThemeParkApplicationIT]
17:00:46.397 [Test worker] DEBUG org.springframework.test.annotation.ProfileValueUtils - Retrieved ProfileValueSource type [class org.springframework.test.annotation.SystemProfileValueSource] for class [com.tomgregory.ThemeParkApplicationIT]
17:00:46.401 [Test worker] DEBUG org.springframework.test.context.support.AbstractDirtiesContextTestExecutionListener - Before test class: context [DefaultTestContext@61c55055 testClass = ThemeParkApplicationIT, testInstance = [null], testMethod = [null], testException = [null], mergedContextConfiguration = [WebMergedContextConfiguration@30a29647 testClass = ThemeParkApplicationIT, locations = '{}', classes = '{class com.tomgregory.ThemeParkApplication}', contextInitializerClasses = '[]', activeProfiles = '{}', propertySourceLocations = '{}', propertySourceProperties = '{org.springframework.boot.test.context.SpringBootTestContextBootstrapper=true}', contextCustomizers = set[org.springframework.boot.test.autoconfigure.properties.PropertyMappingContextCustomizer@4b3fa0b3, org.springframework.boot.test.autoconfigure.web.servlet.WebDriverContextCustomizerFactory$Customizer@214dcb57, [ImportsContextCustomizer@140a8900 key = [org.springframework.boot.test.autoconfigure.web.servlet.MockMvcAutoConfiguration, org.springframework.boot.test.autoconfigure.web.servlet.MockMvcWebClientAutoConfiguration, org.springframework.boot.test.autoconfigure.web.servlet.MockMvcWebDriverAutoConfiguration, org.springframework.boot.autoconfigure.security.oauth2.client.servlet.OAuth2ClientAutoConfiguration, org.springframework.boot.autoconfigure.security.oauth2.resource.servlet.OAuth2ResourceServerAutoConfiguration, org.springframework.boot.autoconfigure.security.servlet.SecurityAutoConfiguration, org.springframework.boot.autoconfigure.security.servlet.SecurityFilterAutoConfiguration, org.springframework.boot.autoconfigure.security.servlet.UserDetailsServiceAutoConfiguration, org.springframework.boot.test.autoconfigure.web.servlet.MockMvcSecurityConfiguration]], org.springframework.boot.test.context.filter.ExcludeFilterContextCustomizer@3d641b21, org.springframework.boot.test.json.DuplicateJsonObjectContextCustomizerFactory$DuplicateJsonObjectContextCustomizer@7a5d6a35, org.springframework.boot.test.mock.mockito.MockitoContextCustomizer@0, org.springframework.boot.test.web.client.TestRestTemplateContextCustomizer@708bff5c, org.springframework.boot.test.context.SpringBootTestArgs@1], resourceBasePath = 'src/main/webapp', contextLoader = 'org.springframework.boot.test.context.SpringBootContextLoader', parent = [null]], attributes = map['org.springframework.test.context.web.ServletTestExecutionListener.activateListener' -> true]], class annotated with @DirtiesContext [false] with mode [null].
17:00:46.403 [Test worker] DEBUG org.springframework.test.annotation.ProfileValueUtils - Retrieved @ProfileValueSourceConfiguration [null] for test class [com.tomgregory.ThemeParkApplicationIT]
17:00:46.403 [Test worker] DEBUG org.springframework.test.annotation.ProfileValueUtils - Retrieved ProfileValueSource type [class org.springframework.test.annotation.SystemProfileValueSource] for class [com.tomgregory.ThemeParkApplicationIT]
17:00:46.426 [Test worker] DEBUG org.springframework.test.context.support.TestPropertySourceUtils - Adding inlined properties to environment: {spring.jmx.enabled=false, org.springframework.boot.test.context.SpringBootTestContextBootstrapper=true}

  .   ____          _            __ _ _
 /\\ / ___'_ __ _ _(_)_ __  __ _ \ \ \ \
( ( )\___ | '_ | '_| | '_ \/ _` | \ \ \ \
 \\/  ___)| |_)| | | | | || (_| |  ) ) ) )
  '  |____| .__|_| |_|_| |_\__, | / / / /
 =========|_|==============|___/=/_/_/_/
 :: Spring Boot ::        (v2.3.4.RELEASE)

2021-01-27 17:00:46.776  INFO 73032 --- [    Test worker] com.tomgregory.ThemeParkApplicationIT    : Starting ThemeParkApplicationIT on zamar99-HP-ENVY-x360-Convertible with PID 73032 (started by zamar99 in /home/zamar99/scripts/spring-boot-api-example)
2021-01-27 17:00:46.780  INFO 73032 --- [    Test worker] com.tomgregory.ThemeParkApplicationIT    : No active profile set, falling back to default profiles: default
2021-01-27 17:00:47.776  INFO 73032 --- [    Test worker] .s.d.r.c.RepositoryConfigurationDelegate : Bootstrapping Spring Data JPA repositories in DEFERRED mode.
2021-01-27 17:00:47.830  INFO 73032 --- [    Test worker] .s.d.r.c.RepositoryConfigurationDelegate : Finished Spring Data repository scanning in 45ms. Found 1 JPA repository interfaces.
2021-01-27 17:00:48.367  INFO 73032 --- [    Test worker] o.s.s.concurrent.ThreadPoolTaskExecutor  : Initializing ExecutorService 'applicationTaskExecutor'
2021-01-27 17:00:48.382  INFO 73032 --- [    Test worker] com.zaxxer.hikari.HikariDataSource       : HikariPool-1 - Starting...
2021-01-27 17:00:48.557  INFO 73032 --- [    Test worker] com.zaxxer.hikari.HikariDataSource       : HikariPool-1 - Start completed.
2021-01-27 17:00:48.638  INFO 73032 --- [         task-1] o.hibernate.jpa.internal.util.LogHelper  : HHH000204: Processing PersistenceUnitInfo [name: default]
2021-01-27 17:00:48.685  INFO 73032 --- [         task-1] org.hibernate.Version                    : HHH000412: Hibernate ORM core version 5.4.21.Final
2021-01-27 17:00:48.812  INFO 73032 --- [         task-1] o.hibernate.annotations.common.Version   : HCANN000001: Hibernate Commons Annotations {5.1.0.Final}
2021-01-27 17:00:48.880  WARN 73032 --- [    Test worker] JpaBaseConfiguration$JpaWebConfiguration : spring.jpa.open-in-view is enabled by default. Therefore, database queries may be performed during view rendering. Explicitly configure spring.jpa.open-in-view to disable this warning
2021-01-27 17:00:48.946  INFO 73032 --- [         task-1] org.hibernate.dialect.Dialect            : HHH000400: Using dialect: org.hibernate.dialect.H2Dialect
2021-01-27 17:00:49.720  INFO 73032 --- [         task-1] o.h.e.t.j.p.i.JtaPlatformInitiator       : HHH000490: Using JtaPlatform implementation: [org.hibernate.engine.transaction.jta.platform.internal.NoJtaPlatform]
2021-01-27 17:00:49.728  INFO 73032 --- [         task-1] j.LocalContainerEntityManagerFactoryBean : Initialized JPA EntityManagerFactory for persistence unit 'default'
2021-01-27 17:00:49.865  INFO 73032 --- [    Test worker] o.s.b.t.m.w.SpringBootMockServletContext : Initializing Spring TestDispatcherServlet ''
2021-01-27 17:00:49.865  INFO 73032 --- [    Test worker] o.s.t.web.servlet.TestDispatcherServlet  : Initializing Servlet ''
2021-01-27 17:00:49.875  INFO 73032 --- [    Test worker] o.s.b.a.e.web.EndpointLinksResolver      : Exposing 2 endpoint(s) beneath base path '/actuator'
2021-01-27 17:00:49.903  INFO 73032 --- [    Test worker] o.s.t.web.servlet.TestDispatcherServlet  : Completed initialization in 37 ms
2021-01-27 17:00:49.920  INFO 73032 --- [    Test worker] DeferredRepositoryInitializationListener : Triggering deferred initialization of Spring Data repositories…
2021-01-27 17:00:50.139  INFO 73032 --- [    Test worker] DeferredRepositoryInitializationListener : Spring Data repositories initialized!
2021-01-27 17:00:50.151  INFO 73032 --- [    Test worker] com.tomgregory.ThemeParkApplicationIT    : Started ThemeParkApplicationIT in 3.716 seconds (JVM running for 5.047)
]]></system-out>
  <system-err><![CDATA[]]></system-err>
</testsuite>
